<?xml version="1.0" encoding="UTF-8"?>
<!-- Generated by org.testng.reporters.JUnitXMLReporter -->
<testsuite ignored="0" hostname="Puneets-MBP.home" failures="0" tests="4" name="Default test" time="5.979" errors="0" timestamp="2021-09-14T10:38:05 EDT">
  <testcase classname="testNGbasics.NewTest" name="enterUserPass" time="0.163"/>
  <testcase classname="testNGbasics.NewTest" name="clickLogin" time="1.101"/>
  <testcase classname="testNGbasics.NewTest" name="welcomeUserLink" time="0.365"/>
  <testcase classname="testNGbasics.NewTest" name="logoutClick" time="0.402"/>
</testsuite> <!-- Default test -->
