<?xml version="1.0" encoding="UTF-8"?>
<testng-results ignored="0" total="4" passed="4" failed="0" skipped="0">
  <reporter-output>
  </reporter-output>
  <suite started-at="2021-09-14T10:37:59 EDT" name="Default suite" finished-at="2021-09-14T10:38:05 EDT" duration-ms="5979">
    <groups>
    </groups>
    <test started-at="2021-09-14T10:37:59 EDT" name="Default test" finished-at="2021-09-14T10:38:05 EDT" duration-ms="5979">
      <class name="testNGbasics.NewTest">
        <test-method is-config="true" signature="beforeClass()[pri:0, instance:testNGbasics.NewTest@2e55dd0c]" started-at="2021-09-14T10:37:59 EDT" name="beforeClass" finished-at="2021-09-14T10:38:03 EDT" duration-ms="3774" status="PASS">
          <reporter-output>
          </reporter-output>
        </test-method> <!-- beforeClass -->
        <test-method signature="enterUserPass()[pri:0, instance:testNGbasics.NewTest@2e55dd0c]" started-at="2021-09-14T10:38:03 EDT" name="enterUserPass" finished-at="2021-09-14T10:38:03 EDT" duration-ms="163" status="PASS">
          <reporter-output>
          </reporter-output>
        </test-method> <!-- enterUserPass -->
        <test-method signature="clickLogin()[pri:1, instance:testNGbasics.NewTest@2e55dd0c]" started-at="2021-09-14T10:38:03 EDT" name="clickLogin" finished-at="2021-09-14T10:38:04 EDT" duration-ms="1101" status="PASS">
          <reporter-output>
          </reporter-output>
        </test-method> <!-- clickLogin -->
        <test-method signature="welcomeUserLink()[pri:2, instance:testNGbasics.NewTest@2e55dd0c]" started-at="2021-09-14T10:38:04 EDT" name="welcomeUserLink" finished-at="2021-09-14T10:38:04 EDT" duration-ms="365" status="PASS">
          <reporter-output>
          </reporter-output>
        </test-method> <!-- welcomeUserLink -->
        <test-method signature="logoutClick()[pri:3, instance:testNGbasics.NewTest@2e55dd0c]" started-at="2021-09-14T10:38:04 EDT" name="logoutClick" finished-at="2021-09-14T10:38:05 EDT" duration-ms="402" status="PASS">
          <reporter-output>
          </reporter-output>
        </test-method> <!-- logoutClick -->
        <test-method is-config="true" signature="afterClass()[pri:0, instance:testNGbasics.NewTest@2e55dd0c]" started-at="2021-09-14T10:38:05 EDT" name="afterClass" finished-at="2021-09-14T10:38:05 EDT" duration-ms="107" status="PASS">
          <reporter-output>
          </reporter-output>
        </test-method> <!-- afterClass -->
      </class> <!-- testNGbasics.NewTest -->
    </test> <!-- Default test -->
  </suite> <!-- Default suite -->
</testng-results>
